<?xml version="1.0" encoding="UTF-8"?>
<!-- Generated by org.testng.reporters.JUnitXMLReporter -->
<testsuite ignored="0" hostname="ashwinichaudhari-testng-3od4g3dg5jp" failures="2" tests="8" name="Surefire test" time="0.096" errors="0" timestamp="2024-02-18T07:53:53 UTC">
  <testcase classname="intro.BeforeTest_AfterTest" name="login" time="0.001"/>
  <testcase classname="intro.BeforeTest_AfterTest" name="search" time="0.0"/>
  <testcase classname="intro.Test1" name="goToTheLink" time="0.0"/>
  <testcase classname="intro.Test1" name="login" time="0.0"/>
  <testcase classname="intro.Test1" name="search" time="0.001"/>
  <testcase classname="intro.Test1" name="logout" time="0.001"/>
  <testcase classname="intro.Test2" name="goToTheLink" time="0.0">
    <failure type="org.testng.TestNGException" message="
Parameter &amp;apos;url&amp;apos; is required by @Test on method goToTheLink but has not been marked @Optional or defined
">
      <![CDATA[org.testng.TestNGException: 
Parameter 'url' is required by @Test on method goToTheLink but has not been marked @Optional or defined

at java.base/java.util.ArrayList.forEach(ArrayList.java:1541)
... Removed 31 stack frames]]>
    </failure>
  </testcase> <!-- goToTheLink -->
  <testcase classname="intro.Test2" name="login" time="0.021">
    <failure type="java.lang.AssertionError" message="The following asserts failed:
	expected [false] but found [true]">
      <![CDATA[java.lang.AssertionError: The following asserts failed:
expected [false] but found [true]
at intro.Test2.login(Test2.java:19)
at java.base/java.util.ArrayList.forEach(ArrayList.java:1541)
... Removed 34 stack frames]]>
    </failure>
  </testcase> <!-- login -->
</testsuite> <!-- Surefire test -->
