<?xml version="1.0" encoding="UTF-8"?>
<testng-results ignored="0" total="2" passed="1" failed="1" skipped="0">
  <reporter-output>
  </reporter-output>
  <suite started-at="2023-07-25T20:21:30 IST" name="Suite" finished-at="2023-07-25T20:21:30 IST" duration-ms="311">
    <groups>
    </groups>
    <test started-at="2023-07-25T20:21:30 IST" name="Test" finished-at="2023-07-25T20:21:30 IST" duration-ms="311">
      <class name="intro.Test2">
        <test-method is-config="true" signature="beforeMethod()[pri:0, instance:intro.Test2@235834f2]" started-at="2023-07-25T20:21:30 IST" name="beforeMethod" finished-at="2023-07-25T20:21:30 IST" duration-ms="34" status="PASS">
          <reporter-output>
          </reporter-output>
        </test-method> <!-- beforeMethod -->
        <test-method is-config="true" signature="beforeMethod()[pri:0, instance:intro.Test2@235834f2]" started-at="2023-07-25T20:21:30 IST" name="beforeMethod" finished-at="2023-07-25T20:21:30 IST" duration-ms="27" status="PASS">
          <reporter-output>
          </reporter-output>
        </test-method> <!-- beforeMethod -->
        <test-method signature="goToTheLink(java.lang.String)[pri:-1, instance:intro.Test2@235834f2]" started-at="2023-07-25T20:21:30 IST" name="goToTheLink" finished-at="2023-07-25T20:21:30 IST" duration-ms="31" status="PASS">
          <params>
            <param index="0">
              <value>
                <![CDATA[www.google.com]]>
              </value>
            </param>
          </params>
          <reporter-output>
          </reporter-output>
        </test-method> <!-- goToTheLink -->
        <test-method signature="login()[pri:0, instance:intro.Test2@235834f2]" started-at="2023-07-25T20:21:30 IST" name="login" finished-at="2023-07-25T20:21:30 IST" duration-ms="99" status="FAIL">
          <exception class="java.lang.AssertionError">
            <message>
              <![CDATA[The following asserts failed:
expected [false] but found [true]]]>
            </message>
            <full-stacktrace>
              <![CDATA[java.lang.AssertionError: The following asserts failed:
expected [false] but found [true]
at org.testng.asserts.SoftAssert.assertAll(SoftAssert.java:46)
at org.testng.asserts.SoftAssert.assertAll(SoftAssert.java:30)
at intro.Test2.login(Test2.java:19)
at java.base/jdk.internal.reflect.DirectMethodHandleAccessor.invoke(DirectMethodHandleAccessor.java:104)
at java.base/java.lang.reflect.Method.invoke(Method.java:578)
at org.testng.internal.invokers.MethodInvocationHelper.invokeMethod(MethodInvocationHelper.java:139)
at org.testng.internal.invokers.TestInvoker.invokeMethod(TestInvoker.java:664)
at org.testng.internal.invokers.TestInvoker.invokeTestMethod(TestInvoker.java:227)
at org.testng.internal.invokers.MethodRunner.runInSequence(MethodRunner.java:50)
at org.testng.internal.invokers.TestInvoker$MethodInvocationAgent.invoke(TestInvoker.java:957)
at org.testng.internal.invokers.TestInvoker.invokeTestMethods(TestInvoker.java:200)
at org.testng.internal.invokers.TestMethodWorker.invokeTestMethods(TestMethodWorker.java:148)
at org.testng.internal.invokers.TestMethodWorker.run(TestMethodWorker.java:128)
at java.base/java.util.concurrent.ThreadPoolExecutor.runWorker(ThreadPoolExecutor.java:1144)
at java.base/java.util.concurrent.ThreadPoolExecutor$Worker.run(ThreadPoolExecutor.java:642)
at java.base/java.lang.Thread.run(Thread.java:1623)
]]>
            </full-stacktrace>
          </exception> <!-- java.lang.AssertionError -->
          <reporter-output>
          </reporter-output>
        </test-method> <!-- login -->
        <test-method is-config="true" signature="afterMethod()[pri:0, instance:intro.Test2@235834f2]" started-at="2023-07-25T20:21:30 IST" name="afterMethod" finished-at="2023-07-25T20:21:30 IST" duration-ms="5" status="PASS">
          <reporter-output>
          </reporter-output>
        </test-method> <!-- afterMethod -->
        <test-method is-config="true" signature="afterMethod()[pri:0, instance:intro.Test2@235834f2]" started-at="2023-07-25T20:21:30 IST" name="afterMethod" finished-at="2023-07-25T20:21:30 IST" duration-ms="4" status="PASS">
          <reporter-output>
          </reporter-output>
        </test-method> <!-- afterMethod -->
      </class> <!-- intro.Test2 -->
    </test> <!-- Test -->
  </suite> <!-- Suite -->
</testng-results>
